<?xml version="1.0" encoding="UTF-8"?>
<testsuite name="me.hakyuwon.springbootdeveloper.TestControllerTest" tests="1" skipped="0" failures="0" errors="0" timestamp="2024-09-30T09:06:05" hostname="DESKTOP-DJ5OCIF" time="1.548">
  <properties/>
  <testcase name="getAllMembers: 아티클 조회에 성공한다." classname="me.hakyuwon.springbootdeveloper.TestControllerTest" time="1.548"/>
  <system-out><![CDATA[18:05:59.812 [Test worker] INFO org.springframework.test.context.support.AnnotationConfigContextLoaderUtils -- Could not detect default configuration classes for test class [me.hakyuwon.springbootdeveloper.TestControllerTest]: TestControllerTest does not declare any static, non-private, non-final, nested classes annotated with @Configuration.
18:05:59.980 [Test worker] INFO org.springframework.boot.test.context.SpringBootTestContextBootstrapper -- Found @SpringBootConfiguration me.hakyuwon.springbootdeveloper.SpringBootDeveloperApplication for test class me.hakyuwon.springbootdeveloper.TestControllerTest

  .   ____          _            __ _ _
 /\\ / ___'_ __ _ _(_)_ __  __ _ \ \ \ \
( ( )\___ | '_ | '_| | '_ \/ _` | \ \ \ \
 \\/  ___)| |_)| | | | | || (_| |  ) ) ) )
  '  |____| .__|_| |_|_| |_\__, | / / / /
 =========|_|==============|___/=/_/_/_/

 :: Spring Boot ::                (v3.3.4)

2024-09-30T18:06:00.519+09:00  INFO 1792 --- [    Test worker] m.h.s.TestControllerTest                 : Starting TestControllerTest using Java 20.0.2 with PID 1792 (started by a0105 in C:\Users\a0105\IdeaProjects\springboot-developer)
2024-09-30T18:06:00.520+09:00  INFO 1792 --- [    Test worker] m.h.s.TestControllerTest                 : No active profile set, falling back to 1 default profile: "default"
2024-09-30T18:06:01.230+09:00  INFO 1792 --- [    Test worker] .s.d.r.c.RepositoryConfigurationDelegate : Bootstrapping Spring Data JPA repositories in DEFAULT mode.
2024-09-30T18:06:01.309+09:00  INFO 1792 --- [    Test worker] .s.d.r.c.RepositoryConfigurationDelegate : Finished Spring Data repository scanning in 65 ms. Found 1 JPA repository interface.
2024-09-30T18:06:01.795+09:00  INFO 1792 --- [    Test worker] com.zaxxer.hikari.HikariDataSource       : HikariPool-1 - Starting...
2024-09-30T18:06:02.059+09:00  INFO 1792 --- [    Test worker] com.zaxxer.hikari.pool.HikariPool        : HikariPool-1 - Added connection conn0: url=jdbc:h2:mem:61966efb-58f0-467d-a46d-5bbb827e99ce user=SA
2024-09-30T18:06:02.062+09:00  INFO 1792 --- [    Test worker] com.zaxxer.hikari.HikariDataSource       : HikariPool-1 - Start completed.
2024-09-30T18:06:02.137+09:00  INFO 1792 --- [    Test worker] o.hibernate.jpa.internal.util.LogHelper  : HHH000204: Processing PersistenceUnitInfo [name: default]
2024-09-30T18:06:02.222+09:00  INFO 1792 --- [    Test worker] org.hibernate.Version                    : HHH000412: Hibernate ORM core version 6.5.3.Final
2024-09-30T18:06:02.280+09:00  INFO 1792 --- [    Test worker] o.h.c.internal.RegionFactoryInitiator    : HHH000026: Second-level cache disabled
2024-09-30T18:06:02.709+09:00  INFO 1792 --- [    Test worker] o.s.o.j.p.SpringPersistenceUnitInfo      : No LoadTimeWeaver setup: ignoring JPA class transformer
2024-09-30T18:06:03.899+09:00  INFO 1792 --- [    Test worker] o.h.e.t.j.p.i.JtaPlatformInitiator       : HHH000489: No JTA platform available (set 'hibernate.transaction.jta.platform' to enable JTA platform integration)
Hibernate: 
    drop table if exists member cascade 
Hibernate: 
    create table member (
        id bigint generated by default as identity,
        name varchar(255) not null,
        primary key (id)
    )
2024-09-30T18:06:03.942+09:00  INFO 1792 --- [    Test worker] j.LocalContainerEntityManagerFactoryBean : Initialized JPA EntityManagerFactory for persistence unit 'default'
2024-09-30T18:06:04.431+09:00  WARN 1792 --- [    Test worker] JpaBaseConfiguration$JpaWebConfiguration : spring.jpa.open-in-view is enabled by default. Therefore, database queries may be performed during view rendering. Explicitly configure spring.jpa.open-in-view to disable this warning
2024-09-30T18:06:04.467+09:00  INFO 1792 --- [    Test worker] o.s.b.a.w.s.WelcomePageHandlerMapping    : Adding welcome page: class path resource [static/index.html]
2024-09-30T18:06:04.951+09:00  INFO 1792 --- [    Test worker] o.s.b.t.m.w.SpringBootMockServletContext : Initializing Spring TestDispatcherServlet ''
2024-09-30T18:06:04.951+09:00  INFO 1792 --- [    Test worker] o.s.t.web.servlet.TestDispatcherServlet  : Initializing Servlet ''
2024-09-30T18:06:04.955+09:00  INFO 1792 --- [    Test worker] o.s.t.web.servlet.TestDispatcherServlet  : Completed initialization in 2 ms
2024-09-30T18:06:04.999+09:00  INFO 1792 --- [    Test worker] m.h.s.TestControllerTest                 : Started TestControllerTest in 4.823 seconds (process running for 6.476)
2024-09-30T18:06:05.972+09:00  INFO 1792 --- [    Test worker] o.s.b.t.m.w.SpringBootMockServletContext : Initializing Spring TestDispatcherServlet ''
2024-09-30T18:06:05.973+09:00  INFO 1792 --- [    Test worker] o.s.t.web.servlet.TestDispatcherServlet  : Initializing Servlet ''
2024-09-30T18:06:05.975+09:00  INFO 1792 --- [    Test worker] o.s.t.web.servlet.TestDispatcherServlet  : Completed initialization in 2 ms
Hibernate: 
    select
        m1_0.id,
        m1_0.name 
    from
        member m1_0 
    where
        m1_0.id=?
Hibernate: 
    update
        member 
    set
        name=? 
    where
        id=?
Hibernate: 
    select
        m1_0.id,
        m1_0.name 
    from
        member m1_0
Hibernate: 
    select
        m1_0.id,
        m1_0.name 
    from
        member m1_0
Hibernate: 
    delete 
    from
        member 
    where
        id=?
Hibernate: 
    delete 
    from
        member 
    where
        id=?
Hibernate: 
    delete 
    from
        member 
    where
        id=?
]]></system-out>
  <system-err><![CDATA[]]></system-err>
</testsuite>
