<?xml version="1.0" encoding="UTF-8"?>
<testsuite name="com.example.gdg.MemberRepositoryTest" tests="1" skipped="0" failures="0" errors="0" timestamp="2024-09-24T11:32:15" hostname="imhyojin-ui-MacBookPro.local" time="0.452">
  <properties/>
  <testcase name="deleteMemberById()" classname="com.example.gdg.MemberRepositoryTest" time="0.452"/>
  <system-out><![CDATA[20:32:13.766 [Test worker] INFO org.springframework.test.context.support.AnnotationConfigContextLoaderUtils -- Could not detect default configuration classes for test class [com.example.gdg.MemberRepositoryTest]: MemberRepositoryTest does not declare any static, non-private, non-final, nested classes annotated with @Configuration.
20:32:13.849 [Test worker] INFO org.springframework.boot.test.context.SpringBootTestContextBootstrapper -- Found @SpringBootConfiguration com.example.gdg.GdgApplication for test class com.example.gdg.MemberRepositoryTest

  .   ____          _            __ _ _
 /\\ / ___'_ __ _ _(_)_ __  __ _ \ \ \ \
( ( )\___ | '_ | '_| | '_ \/ _` | \ \ \ \
 \\/  ___)| |_)| | | | | || (_| |  ) ) ) )
  '  |____| .__|_| |_|_| |_\__, | / / / /
 =========|_|==============|___/=/_/_/_/

 :: Spring Boot ::                (v3.3.4)

2024-09-24T20:32:14.080+09:00  INFO 81244 --- [    Test worker] com.example.gdg.MemberRepositoryTest     : Starting MemberRepositoryTest using Java 17.0.11 with PID 81244 (started by imhyojin in /Users/imhyojin/IdeaProjects/GDG)
2024-09-24T20:32:14.081+09:00  INFO 81244 --- [    Test worker] com.example.gdg.MemberRepositoryTest     : No active profile set, falling back to 1 default profile: "default"
2024-09-24T20:32:14.266+09:00  INFO 81244 --- [    Test worker] .s.d.r.c.RepositoryConfigurationDelegate : Bootstrapping Spring Data JPA repositories in DEFAULT mode.
2024-09-24T20:32:14.293+09:00  INFO 81244 --- [    Test worker] .s.d.r.c.RepositoryConfigurationDelegate : Finished Spring Data repository scanning in 22 ms. Found 1 JPA repository interface.
2024-09-24T20:32:14.320+09:00  INFO 81244 --- [    Test worker] beddedDataSourceBeanFactoryPostProcessor : Replacing 'dataSource' DataSource bean with embedded version
2024-09-24T20:32:14.396+09:00  INFO 81244 --- [    Test worker] o.s.j.d.e.EmbeddedDatabaseFactory        : Starting embedded database: url='jdbc:h2:mem:649724e4-02b8-4ad9-a4e8-82f3a70a8732;DB_CLOSE_DELAY=-1;DB_CLOSE_ON_EXIT=false', username='sa'
2024-09-24T20:32:14.577+09:00  INFO 81244 --- [    Test worker] o.hibernate.jpa.internal.util.LogHelper  : HHH000204: Processing PersistenceUnitInfo [name: default]
2024-09-24T20:32:14.615+09:00  INFO 81244 --- [    Test worker] org.hibernate.Version                    : HHH000412: Hibernate ORM core version 6.5.3.Final
2024-09-24T20:32:14.636+09:00  INFO 81244 --- [    Test worker] o.h.c.internal.RegionFactoryInitiator    : HHH000026: Second-level cache disabled
2024-09-24T20:32:14.812+09:00  INFO 81244 --- [    Test worker] o.s.o.j.p.SpringPersistenceUnitInfo      : No LoadTimeWeaver setup: ignoring JPA class transformer
2024-09-24T20:32:15.315+09:00  INFO 81244 --- [    Test worker] o.h.e.t.j.p.i.JtaPlatformInitiator       : HHH000489: No JTA platform available (set 'hibernate.transaction.jta.platform' to enable JTA platform integration)
Hibernate: drop table if exists member cascade 
Hibernate: create table member (id bigint generated by default as identity, name varchar(255) not null, primary key (id))
2024-09-24T20:32:15.335+09:00  INFO 81244 --- [    Test worker] j.LocalContainerEntityManagerFactoryBean : Initialized JPA EntityManagerFactory for persistence unit 'default'
2024-09-24T20:32:15.546+09:00  INFO 81244 --- [    Test worker] com.example.gdg.MemberRepositoryTest     : Started MemberRepositoryTest in 1.649 seconds (process running for 2.398)
Hibernate: select m1_0.id,m1_0.name from member m1_0 where m1_0.id=?
Hibernate: delete from member where id=?
Hibernate: select m1_0.id,m1_0.name from member m1_0
]]></system-out>
  <system-err><![CDATA[]]></system-err>
</testsuite>
