<?xml version="1.0" encoding="UTF-8"?>
<testsuite name="me.kooyuna.springbootdeveloper.MemberRepositoryTest" tests="1" skipped="0" failures="0" errors="0" timestamp="2024-09-24T11:29:41" hostname="YUNA" time="1.641">
  <properties/>
  <testcase name="saveMembers()" classname="me.kooyuna.springbootdeveloper.MemberRepositoryTest" time="1.641"/>
  <system-out><![CDATA[20:29:35.576 [Test worker] INFO org.springframework.test.context.support.AnnotationConfigContextLoaderUtils -- Could not detect default configuration classes for test class [me.kooyuna.springbootdeveloper.MemberRepositoryTest]: MemberRepositoryTest does not declare any static, non-private, non-final, nested classes annotated with @Configuration.
20:29:35.865 [Test worker] INFO org.springframework.boot.test.context.SpringBootTestContextBootstrapper -- Found @SpringBootConfiguration me.kooyuna.springbootdeveloper.SpringBootDeveloperApplication for test class me.kooyuna.springbootdeveloper.MemberRepositoryTest

  .   ____          _            __ _ _
 /\\ / ___'_ __ _ _(_)_ __  __ _ \ \ \ \
( ( )\___ | '_ | '_| | '_ \/ _` | \ \ \ \
 \\/  ___)| |_)| | | | | || (_| |  ) ) ) )
  '  |____| .__|_| |_|_| |_\__, | / / / /
 =========|_|==============|___/=/_/_/_/
 :: Spring Boot ::                (v3.2.0)

2024-09-24T20:29:36.868+09:00  INFO 36820 --- [    Test worker] m.k.s.MemberRepositoryTest               : Starting MemberRepositoryTest using Java 21.0.3 with PID 36820 (started by rndbs in C:\Users\rndbs\IdeaProjects\springboot-developer)
2024-09-24T20:29:36.869+09:00  INFO 36820 --- [    Test worker] m.k.s.MemberRepositoryTest               : No active profile set, falling back to 1 default profile: "default"
2024-09-24T20:29:37.394+09:00  INFO 36820 --- [    Test worker] .s.d.r.c.RepositoryConfigurationDelegate : Bootstrapping Spring Data JPA repositories in DEFAULT mode.
2024-09-24T20:29:37.498+09:00  INFO 36820 --- [    Test worker] .s.d.r.c.RepositoryConfigurationDelegate : Finished Spring Data repository scanning in 88 ms. Found 1 JPA repository interface.
2024-09-24T20:29:37.578+09:00  INFO 36820 --- [    Test worker] beddedDataSourceBeanFactoryPostProcessor : Replacing 'dataSource' DataSource bean with embedded version
2024-09-24T20:29:37.972+09:00  INFO 36820 --- [    Test worker] o.s.j.d.e.EmbeddedDatabaseFactory        : Starting embedded database: url='jdbc:h2:mem:af1dd44e-a0ad-45b4-8b07-675a181e96f8;DB_CLOSE_DELAY=-1;DB_CLOSE_ON_EXIT=false', username='sa'
2024-09-24T20:29:38.750+09:00  INFO 36820 --- [    Test worker] o.hibernate.jpa.internal.util.LogHelper  : HHH000204: Processing PersistenceUnitInfo [name: default]
2024-09-24T20:29:38.997+09:00  INFO 36820 --- [    Test worker] org.hibernate.Version                    : HHH000412: Hibernate ORM core version 6.3.1.Final
2024-09-24T20:29:39.076+09:00  INFO 36820 --- [    Test worker] o.h.c.internal.RegionFactoryInitiator    : HHH000026: Second-level cache disabled
2024-09-24T20:29:39.643+09:00  INFO 36820 --- [    Test worker] o.s.o.j.p.SpringPersistenceUnitInfo      : No LoadTimeWeaver setup: ignoring JPA class transformer
2024-09-24T20:29:41.246+09:00  INFO 36820 --- [    Test worker] o.h.e.t.j.p.i.JtaPlatformInitiator       : HHH000489: No JTA platform available (set 'hibernate.transaction.jta.platform' to enable JTA platform integration)
Hibernate: drop table if exists member cascade 
Hibernate: create table member (id bigint generated by default as identity, name varchar(255) not null, primary key (id))
2024-09-24T20:29:41.314+09:00  INFO 36820 --- [    Test worker] j.LocalContainerEntityManagerFactoryBean : Initialized JPA EntityManagerFactory for persistence unit 'default'
2024-09-24T20:29:41.974+09:00  INFO 36820 --- [    Test worker] m.k.s.MemberRepositoryTest               : Started MemberRepositoryTest in 5.963 seconds (process running for 8.359)
Hibernate: select m1_0.id,m1_0.name from member m1_0 where m1_0.id=?
Hibernate: insert into member (name,id) values (?,default)
Hibernate: select m1_0.id,m1_0.name from member m1_0 where m1_0.id=?
Hibernate: insert into member (name,id) values (?,default)
Hibernate: select m1_0.id,m1_0.name from member m1_0
]]></system-out>
  <system-err><![CDATA[WARNING: A Java agent has been loaded dynamically (C:\Users\rndbs\.gradle\caches\modules-2\files-2.1\net.bytebuddy\byte-buddy-agent\1.14.10\90ed94ac044ea8953b224304c762316e91fd6b31\byte-buddy-agent-1.14.10.jar)
WARNING: If a serviceability tool is in use, please run with -XX:+EnableDynamicAgentLoading to hide this warning
WARNING: If a serviceability tool is not in use, please run with -Djdk.instrument.traceUsage for more information
WARNING: Dynamic loading of agents will be disallowed by default in a future release
]]></system-err>
</testsuite>
